execve("/usr/bin/echo", ["echo", "hello"], 0x7ffc7e769ab8 /* 26 vars */) = 0
brk(NULL)                               = 0x558eed862000
arch_prctl(0x3001 /* ARCH_??? */, 0x7ffe229a4270) = -1 EINVAL (Invalid argument)
mmap(NULL, 8192, PROT_READ|PROT_WRITE, MAP_PRIVATE|MAP_ANONYMOUS, -1, 0) = 0x7ff69ff0b000
access("/etc/ld.so.preload", R_OK)      = -1 ENOENT (No such file or directory)
openat(AT_FDCWD, "/etc/ld.so.cache", O_RDONLY|O_CLOEXEC) = 3
newfstatat(3, "", {st_mode=S_IFREG|0644, st_size=14359, ...}, AT_EMPTY_PATH) = 0
mmap(NULL, 14359, PROT_READ, MAP_PRIVATE, 3, 0) = 0x7ff69ff07000
close(3)                                = 0
openat(AT_FDCWD, "/lib/x86_64-linux-gnu/libc.so.6", O_RDONLY|O_CLOEXEC) = 3
read(3, "\177ELF\2\1\1\3\0\0\0\0\0\0\0\0\3\0>\0\1\0\0\0P\237\2\0\0\0\0\0"..., 832) = 832
pread64(3, "\6\0\0\0\4\0\0\0@\0\0\0\0\0\0\0@\0\0\0\0\0\0\0@\0\0\0\0\0\0\0"..., 784, 64) = 784
pread64(3, "\4\0\0\0 \0\0\0\5\0\0\0GNU\0\2\0\0\300\4\0\0\0\3\0\0\0\0\0\0\0"..., 48, 848) = 48
pread64(3, "\4\0\0\0\24\0\0\0\3\0\0\0GNU\0\244;\374\204(\337f#\315I\214\234\f\256\271\32"..., 68, 896) = 68
newfstatat(3, "", {st_mode=S_IFREG|0755, st_size=2216304, ...}, AT_EMPTY_PATH) = 0
pread64(3, "\6\0\0\0\4\0\0\0@\0\0\0\0\0\0\0@\0\0\0\0\0\0\0@\0\0\0\0\0\0\0"..., 784, 64) = 784
mmap(NULL, 2260560, PROT_READ, MAP_PRIVATE|MAP_DENYWRITE, 3, 0) = 0x7ff69fcdf000
mmap(0x7ff69fd07000, 1658880, PROT_READ|PROT_EXEC, MAP_PRIVATE|MAP_FIXED|MAP_DENYWRITE, 3, 0x28000) = 0x7ff69fd07000
mmap(0x7ff69fe9c000, 360448, PROT_READ, MAP_PRIVATE|MAP_FIXED|MAP_DENYWRITE, 3, 0x1bd000) = 0x7ff69fe9c000
mmap(0x7ff69fef4000, 24576, PROT_READ|PROT_WRITE, MAP_PRIVATE|MAP_FIXED|MAP_DENYWRITE, 3, 0x214000) = 0x7ff69fef4000
mmap(0x7ff69fefa000, 52816, PROT_READ|PROT_WRITE, MAP_PRIVATE|MAP_FIXED|MAP_ANONYMOUS, -1, 0) = 0x7ff69fefa000
close(3)                                = 0
mmap(NULL, 12288, PROT_READ|PROT_WRITE, MAP_PRIVATE|MAP_ANONYMOUS, -1, 0) = 0x7ff69fcdc000
arch_prctl(ARCH_SET_FS, 0x7ff69fcdc740) = 0
set_tid_address(0x7ff69fcdca10)         = 25431
set_robust_list(0x7ff69fcdca20, 24)     = 0
rseq(0x7ff69fcdd0e0, 0x20, 0, 0x53053053) = 0
mprotect(0x7ff69fef4000, 16384, PROT_READ) = 0
mprotect(0x558eec4e6000, 4096, PROT_READ) = 0
mprotect(0x7ff69ff45000, 8192, PROT_READ) = 0
prlimit64(0, RLIMIT_STACK, NULL, {rlim_cur=8192*1024, rlim_max=RLIM64_INFINITY}) = 0
munmap(0x7ff69ff07000, 14359)           = 0
getrandom("\x57\xd1\x39\x08\xab\xac\xb6\xe7", 8, GRND_NONBLOCK) = 8
brk(NULL)                               = 0x558eed862000
brk(0x558eed883000)                     = 0x558eed883000
openat(AT_FDCWD, "/usr/lib/locale/locale-archive", O_RDONLY|O_CLOEXEC) = -1 ENOENT (No such file or directory)
openat(AT_FDCWD, "/usr/share/locale/locale.alias", O_RDONLY|O_CLOEXEC) = 3
newfstatat(3, "", {st_mode=S_IFREG|0644, st_size=2996, ...}, AT_EMPTY_PATH) = 0
read(3, "# Locale name alias data base.\n#"..., 4096) = 2996
read(3, "", 4096)                       = 0
close(3)                                = 0
openat(AT_FDCWD, "/usr/lib/locale/C.UTF-8/LC_IDENTIFICATION", O_RDONLY|O_CLOEXEC) = -1 ENOENT (No such file or directory)
openat(AT_FDCWD, "/usr/lib/locale/C.utf8/LC_IDENTIFICATION", O_RDONLY|O_CLOEXEC) = 3
newfstatat(3, "", {st_mode=S_IFREG|0644, st_size=258, ...}, AT_EMPTY_PATH) = 0
mmap(NULL, 258, PROT_READ, MAP_PRIVATE, 3, 0) = 0x7ff69ff44000
close(3)                                = 0
openat(AT_FDCWD, "/usr/lib/x86_64-linux-gnu/gconv/gconv-modules.cache", O_RDONLY) = 3
newfstatat(3, "", {st_mode=S_IFREG|0644, st_size=27002, ...}, AT_EMPTY_PATH) = 0
mmap(NULL, 27002, PROT_READ, MAP_SHARED, 3, 0) = 0x7ff69fcd5000
close(3)                                = 0
futex(0x7ff69fef9a6c, FUTEX_WAKE_PRIVATE, 2147483647) = 0
openat(AT_FDCWD, "/usr/lib/locale/C.UTF-8/LC_MEASUREMENT", O_RDONLY|O_CLOEXEC) = -1 ENOENT (No such file or directory)
openat(AT_FDCWD, "/usr/lib/locale/C.utf8/LC_MEASUREMENT", O_RDONLY|O_CLOEXEC) = 3
newfstatat(3, "", {st_mode=S_IFREG|0644, st_size=23, ...}, AT_EMPTY_PATH) = 0
mmap(NULL, 23, PROT_READ, MAP_PRIVATE, 3, 0) = 0x7ff69ff0a000
close(3)                                = 0
openat(AT_FDCWD, "/usr/lib/locale/C.UTF-8/LC_TELEPHONE", O_RDONLY|O_CLOEXEC) = -1 ENOENT (No such file or directory)
openat(AT_FDCWD, "/usr/lib/locale/C.utf8/LC_TELEPHONE", O_RDONLY|O_CLOEXEC) = 3
newfstatat(3, "", {st_mode=S_IFREG|0644, st_size=47, ...}, AT_EMPTY_PATH) = 0
mmap(NULL, 47, PROT_READ, MAP_PRIVATE, 3, 0) = 0x7ff69ff09000
close(3)                                = 0
openat(AT_FDCWD, "/usr/lib/locale/C.UTF-8/LC_ADDRESS", O_RDONLY|O_CLOEXEC) = -1 ENOENT (No such file or directory)
openat(AT_FDCWD, "/usr/lib/locale/C.utf8/LC_ADDRESS", O_RDONLY|O_CLOEXEC) = 3
newfstatat(3, "", {st_mode=S_IFREG|0644, st_size=127, ...}, AT_EMPTY_PATH) = 0
mmap(NULL, 127, PROT_READ, MAP_PRIVATE, 3, 0) = 0x7ff69ff08000
close(3)                                = 0
openat(AT_FDCWD, "/usr/lib/locale/C.UTF-8/LC_NAME", O_RDONLY|O_CLOEXEC) = -1 ENOENT (No such file or directory)
openat(AT_FDCWD, "/usr/lib/locale/C.utf8/LC_NAME", O_RDONLY|O_CLOEXEC) = 3
newfstatat(3, "", {st_mode=S_IFREG|0644, st_size=62, ...}, AT_EMPTY_PATH) = 0
mmap(NULL, 62, PROT_READ, MAP_PRIVATE, 3, 0) = 0x7ff69ff07000
close(3)                                = 0
openat(AT_FDCWD, "/usr/lib/locale/C.UTF-8/LC_PAPER", O_RDONLY|O_CLOEXEC) = -1 ENOENT (No such file or directory)
openat(AT_FDCWD, "/usr/lib/locale/C.utf8/LC_PAPER", O_RDONLY|O_CLOEXEC) = 3
newfstatat(3, "", {st_mode=S_IFREG|0644, st_size=34, ...}, AT_EMPTY_PATH) = 0
mmap(NULL, 34, PROT_READ, MAP_PRIVATE, 3, 0) = 0x7ff69fcd4000
close(3)                                = 0
openat(AT_FDCWD, "/usr/lib/locale/C.UTF-8/LC_MESSAGES", O_RDONLY|O_CLOEXEC) = -1 ENOENT (No such file or directory)
openat(AT_FDCWD, "/usr/lib/locale/C.utf8/LC_MESSAGES", O_RDONLY|O_CLOEXEC) = 3
newfstatat(3, "", {st_mode=S_IFDIR|0755, st_size=4096, ...}, AT_EMPTY_PATH) = 0
close(3)                                = 0
openat(AT_FDCWD, "/usr/lib/locale/C.utf8/LC_MESSAGES/SYS_LC_MESSAGES", O_RDONLY|O_CLOEXEC) = 3
newfstatat(3, "", {st_mode=S_IFREG|0644, st_size=48, ...}, AT_EMPTY_PATH) = 0
mmap(NULL, 48, PROT_READ, MAP_PRIVATE, 3, 0) = 0x7ff69fcd3000
close(3)                                = 0
openat(AT_FDCWD, "/usr/lib/locale/C.UTF-8/LC_MONETARY", O_RDONLY|O_CLOEXEC) = -1 ENOENT (No such file or directory)
openat(AT_FDCWD, "/usr/lib/locale/C.utf8/LC_MONETARY", O_RDONLY|O_CLOEXEC) = 3
newfstatat(3, "", {st_mode=S_IFREG|0644, st_size=270, ...}, AT_EMPTY_PATH) = 0
mmap(NULL, 270, PROT_READ, MAP_PRIVATE, 3, 0) = 0x7ff69fcd2000
close(3)                                = 0
openat(AT_FDCWD, "/usr/lib/locale/C.UTF-8/LC_COLLATE", O_RDONLY|O_CLOEXEC) = -1 ENOENT (No such file or directory)
openat(AT_FDCWD, "/usr/lib/locale/C.utf8/LC_COLLATE", O_RDONLY|O_CLOEXEC) = 3
newfstatat(3, "", {st_mode=S_IFREG|0644, st_size=1406, ...}, AT_EMPTY_PATH) = 0
mmap(NULL, 1406, PROT_READ, MAP_PRIVATE, 3, 0) = 0x7ff69fcd1000
close(3)                                = 0
openat(AT_FDCWD, "/usr/lib/locale/C.UTF-8/LC_TIME", O_RDONLY|O_CLOEXEC) = -1 ENOENT (No such file or directory)
openat(AT_FDCWD, "/usr/lib/locale/C.utf8/LC_TIME", O_RDONLY|O_CLOEXEC) = 3
newfstatat(3, "", {st_mode=S_IFREG|0644, st_size=3360, ...}, AT_EMPTY_PATH) = 0
mmap(NULL, 3360, PROT_READ, MAP_PRIVATE, 3, 0) = 0x7ff69fcd0000
close(3)                                = 0
openat(AT_FDCWD, "/usr/lib/locale/C.UTF-8/LC_NUMERIC", O_RDONLY|O_CLOEXEC) = -1 ENOENT (No such file or directory)
openat(AT_FDCWD, "/usr/lib/locale/C.utf8/LC_NUMERIC", O_RDONLY|O_CLOEXEC) = 3
newfstatat(3, "", {st_mode=S_IFREG|0644, st_size=50, ...}, AT_EMPTY_PATH) = 0
mmap(NULL, 50, PROT_READ, MAP_PRIVATE, 3, 0) = 0x7ff69fccf000
close(3)                                = 0
openat(AT_FDCWD, "/usr/lib/locale/C.UTF-8/LC_CTYPE", O_RDONLY|O_CLOEXEC) = -1 ENOENT (No such file or directory)
openat(AT_FDCWD, "/usr/lib/locale/C.utf8/LC_CTYPE", O_RDONLY|O_CLOEXEC) = 3
newfstatat(3, "", {st_mode=S_IFREG|0644, st_size=353616, ...}, AT_EMPTY_PATH) = 0
mmap(NULL, 353616, PROT_READ, MAP_PRIVATE, 3, 0) = 0x7ff69fc78000
close(3)                                = 0
newfstatat(1, "", {st_mode=S_IFCHR|0620, st_rdev=makedev(0x88, 0), ...}, AT_EMPTY_PATH) = 0
write(1, "hello\n", 6)                  = 6
close(1)                                = 0
close(2)                                = 0
exit_group(0)                           = ?
+++ exited with 0 +++
